<?xml version="1.0" encoding="UTF-8"?>
<testsuite xmlns:xsi="http://www.w3.org/2001/XMLSchema-instance" xsi:noNamespaceSchemaLocation="https://maven.apache.org/surefire/maven-surefire-plugin/xsd/surefire-test-report-3.0.xsd" version="3.0" name="RBE.RBETest" time="28.464" tests="9" errors="0" skipped="0" failures="0">
  <properties>
    <property name="gopherProxySet" value="false"/>
    <property name="awt.toolkit" value="sun.lwawt.macosx.LWCToolkit"/>
    <property name="file.encoding.pkg" value="sun.io"/>
    <property name="java.specification.version" value="1.8"/>
    <property name="sun.cpu.isalist" value=""/>
    <property name="sun.jnu.encoding" value="UTF-8"/>
    <property name="java.class.path" value="/Users/swapna.tootikoora/SOMAPI/gco-testing/target/test-classes:/Users/swapna.tootikoora/SOMAPI/gco-testing/target/classes:/Users/swapna.tootikoora/.m2/repository/junit/junit/4.12/junit-4.12.jar:/Users/swapna.tootikoora/.m2/repository/org/hamcrest/hamcrest-core/1.3/hamcrest-core-1.3.jar:/Users/swapna.tootikoora/.m2/repository/io/rest-assured/rest-assured/4.0.0/rest-assured-4.0.0.jar:/Users/swapna.tootikoora/.m2/repository/org/codehaus/groovy/groovy/2.5.6/groovy-2.5.6.jar:/Users/swapna.tootikoora/.m2/repository/org/codehaus/groovy/groovy-xml/2.5.6/groovy-xml-2.5.6.jar:/Users/swapna.tootikoora/.m2/repository/org/apache/httpcomponents/httpclient/4.5.3/httpclient-4.5.3.jar:/Users/swapna.tootikoora/.m2/repository/org/apache/httpcomponents/httpcore/4.4.6/httpcore-4.4.6.jar:/Users/swapna.tootikoora/.m2/repository/commons-logging/commons-logging/1.2/commons-logging-1.2.jar:/Users/swapna.tootikoora/.m2/repository/commons-codec/commons-codec/1.9/commons-codec-1.9.jar:/Users/swapna.tootikoora/.m2/repository/org/apache/httpcomponents/httpmime/4.5.3/httpmime-4.5.3.jar:/Users/swapna.tootikoora/.m2/repository/org/ccil/cowan/tagsoup/tagsoup/1.2.1/tagsoup-1.2.1.jar:/Users/swapna.tootikoora/.m2/repository/io/rest-assured/json-path/4.0.0/json-path-4.0.0.jar:/Users/swapna.tootikoora/.m2/repository/org/codehaus/groovy/groovy-json/2.5.6/groovy-json-2.5.6.jar:/Users/swapna.tootikoora/.m2/repository/io/rest-assured/rest-assured-common/4.0.0/rest-assured-common-4.0.0.jar:/Users/swapna.tootikoora/.m2/repository/io/rest-assured/xml-path/4.0.0/xml-path-4.0.0.jar:/Users/swapna.tootikoora/.m2/repository/javax/xml/bind/jaxb-api/2.2.12/jaxb-api-2.2.12.jar:/Users/swapna.tootikoora/.m2/repository/com/sun/xml/bind/jaxb-osgi/2.2.10/jaxb-osgi-2.2.10.jar:/Users/swapna.tootikoora/.m2/repository/org/apache/sling/org.apache.sling.javax.activation/0.1.0/org.apache.sling.javax.activation-0.1.0.jar:/Users/swapna.tootikoora/.m2/repository/org/seleniumhq/selenium/selenium-java/3.141.5/selenium-java-3.141.5.jar:/Users/swapna.tootikoora/.m2/repository/org/seleniumhq/selenium/selenium-api/3.141.5/selenium-api-3.141.5.jar:/Users/swapna.tootikoora/.m2/repository/org/seleniumhq/selenium/selenium-chrome-driver/3.141.5/selenium-chrome-driver-3.141.5.jar:/Users/swapna.tootikoora/.m2/repository/org/seleniumhq/selenium/selenium-edge-driver/3.141.5/selenium-edge-driver-3.141.5.jar:/Users/swapna.tootikoora/.m2/repository/org/seleniumhq/selenium/selenium-firefox-driver/3.141.5/selenium-firefox-driver-3.141.5.jar:/Users/swapna.tootikoora/.m2/repository/org/seleniumhq/selenium/selenium-ie-driver/3.141.5/selenium-ie-driver-3.141.5.jar:/Users/swapna.tootikoora/.m2/repository/org/seleniumhq/selenium/selenium-opera-driver/3.141.5/selenium-opera-driver-3.141.5.jar:/Users/swapna.tootikoora/.m2/repository/org/seleniumhq/selenium/selenium-remote-driver/3.141.5/selenium-remote-driver-3.141.5.jar:/Users/swapna.tootikoora/.m2/repository/org/seleniumhq/selenium/selenium-safari-driver/3.141.5/selenium-safari-driver-3.141.5.jar:/Users/swapna.tootikoora/.m2/repository/org/seleniumhq/selenium/selenium-support/3.141.5/selenium-support-3.141.5.jar:/Users/swapna.tootikoora/.m2/repository/net/bytebuddy/byte-buddy/1.8.15/byte-buddy-1.8.15.jar:/Users/swapna.tootikoora/.m2/repository/org/apache/commons/commons-exec/1.3/commons-exec-1.3.jar:/Users/swapna.tootikoora/.m2/repository/com/google/guava/guava/25.0-jre/guava-25.0-jre.jar:/Users/swapna.tootikoora/.m2/repository/org/checkerframework/checker-compat-qual/2.0.0/checker-compat-qual-2.0.0.jar:/Users/swapna.tootikoora/.m2/repository/com/google/errorprone/error_prone_annotations/2.1.3/error_prone_annotations-2.1.3.jar:/Users/swapna.tootikoora/.m2/repository/com/google/j2objc/j2objc-annotations/1.1/j2objc-annotations-1.1.jar:/Users/swapna.tootikoora/.m2/repository/org/codehaus/mojo/animal-sniffer-annotations/1.14/animal-sniffer-annotations-1.14.jar:/Users/swapna.tootikoora/.m2/repository/com/squareup/okhttp3/okhttp/3.11.0/okhttp-3.11.0.jar:/Users/swapna.tootikoora/.m2/repository/com/squareup/okio/okio/1.14.0/okio-1.14.0.jar:/Users/swapna.tootikoora/.m2/repository/io/cucumber/cucumber-java/4.3.1/cucumber-java-4.3.1.jar:/Users/swapna.tootikoora/.m2/repository/io/cucumber/cucumber-core/4.3.1/cucumber-core-4.3.1.jar:/Users/swapna.tootikoora/.m2/repository/io/cucumber/cucumber-html/0.2.7/cucumber-html-0.2.7.jar:/Users/swapna.tootikoora/.m2/repository/io/cucumber/gherkin/5.1.0/gherkin-5.1.0.jar:/Users/swapna.tootikoora/.m2/repository/io/cucumber/tag-expressions/1.1.1/tag-expressions-1.1.1.jar:/Users/swapna.tootikoora/.m2/repository/io/cucumber/cucumber-expressions/6.2.2/cucumber-expressions-6.2.2.jar:/Users/swapna.tootikoora/.m2/repository/io/cucumber/datatable/1.1.12/datatable-1.1.12.jar:/Users/swapna.tootikoora/.m2/repository/io/cucumber/datatable-dependencies/1.1.12/datatable-dependencies-1.1.12.jar:/Users/swapna.tootikoora/.m2/repository/org/slf4j/slf4j-api/1.7.26/slf4j-api-1.7.26.jar:/Users/swapna.tootikoora/.m2/repository/io/cucumber/cucumber-junit/4.3.1/cucumber-junit-4.3.1.jar:/Users/swapna.tootikoora/.m2/repository/commons-io/commons-io/2.6/commons-io-2.6.jar:/Users/swapna.tootikoora/.m2/repository/io/specto/hoverfly-java/0.12.0/hoverfly-java-0.12.0.jar:/Users/swapna.tootikoora/.m2/repository/com/fasterxml/jackson/datatype/jackson-datatype-jsr310/2.9.7/jackson-datatype-jsr310-2.9.7.jar:/Users/swapna.tootikoora/.m2/repository/com/fasterxml/jackson/dataformat/jackson-dataformat-xml/2.9.7/jackson-dataformat-xml-2.9.7.jar:/Users/swapna.tootikoora/.m2/repository/com/fasterxml/jackson/module/jackson-module-jaxb-annotations/2.9.7/jackson-module-jaxb-annotations-2.9.7.jar:/Users/swapna.tootikoora/.m2/repository/org/codehaus/woodstox/stax2-api/3.1.4/stax2-api-3.1.4.jar:/Users/swapna.tootikoora/.m2/repository/com/fasterxml/woodstox/woodstox-core/5.0.3/woodstox-core-5.0.3.jar:/Users/swapna.tootikoora/.m2/repository/org/apache/commons/commons-lang3/3.8.1/commons-lang3-3.8.1.jar:/Users/swapna.tootikoora/.m2/repository/org/zeroturnaround/zt-exec/1.10/zt-exec-1.10.jar:/Users/swapna.tootikoora/.m2/repository/ch/qos/logback/logback-classic/1.2.3/logback-classic-1.2.3.jar:/Users/swapna.tootikoora/.m2/repository/ch/qos/logback/logback-core/1.2.3/logback-core-1.2.3.jar:/Users/swapna.tootikoora/.m2/repository/org/springframework/spring-web/5.1.8.RELEASE/spring-web-5.1.8.RELEASE.jar:/Users/swapna.tootikoora/.m2/repository/org/springframework/spring-beans/5.1.8.RELEASE/spring-beans-5.1.8.RELEASE.jar:/Users/swapna.tootikoora/.m2/repository/org/springframework/spring-core/5.1.8.RELEASE/spring-core-5.1.8.RELEASE.jar:/Users/swapna.tootikoora/.m2/repository/org/springframework/spring-jcl/5.1.8.RELEASE/spring-jcl-5.1.8.RELEASE.jar:/Users/swapna.tootikoora/.m2/repository/com/jayway/jsonpath/json-path/2.0.0/json-path-2.0.0.jar:/Users/swapna.tootikoora/.m2/repository/net/minidev/json-smart/2.1.1/json-smart-2.1.1.jar:/Users/swapna.tootikoora/.m2/repository/net/minidev/asm/1.0.2/asm-1.0.2.jar:/Users/swapna.tootikoora/.m2/repository/asm/asm/3.3.1/asm-3.3.1.jar:/Users/swapna.tootikoora/.m2/repository/org/json/json/20180813/json-20180813.jar:/Users/swapna.tootikoora/.m2/repository/com/googlecode/json-simple/json-simple/1.1.1/json-simple-1.1.1.jar:/Users/swapna.tootikoora/.m2/repository/com/microsoft/sqlserver/mssql-jdbc/7.4.1.jre8/mssql-jdbc-7.4.1.jre8.jar:/Users/swapna.tootikoora/.m2/repository/com/github/java-json-tools/json-schema-validator/2.2.11/json-schema-validator-2.2.11.jar:/Users/swapna.tootikoora/.m2/repository/com/github/java-json-tools/json-schema-core/1.2.10/json-schema-core-1.2.10.jar:/Users/swapna.tootikoora/.m2/repository/com/github/java-json-tools/jackson-coreutils/1.9/jackson-coreutils-1.9.jar:/Users/swapna.tootikoora/.m2/repository/com/github/fge/msg-simple/1.1/msg-simple-1.1.jar:/Users/swapna.tootikoora/.m2/repository/com/github/fge/btf/1.2/btf-1.2.jar:/Users/swapna.tootikoora/.m2/repository/com/github/fge/uri-template/0.9/uri-template-0.9.jar:/Users/swapna.tootikoora/.m2/repository/org/mozilla/rhino/1.7.7.1/rhino-1.7.7.1.jar:/Users/swapna.tootikoora/.m2/repository/com/sun/mail/mailapi/1.6.1/mailapi-1.6.1.jar:/Users/swapna.tootikoora/.m2/repository/javax/activation/activation/1.1/activation-1.1.jar:/Users/swapna.tootikoora/.m2/repository/joda-time/joda-time/2.9.7/joda-time-2.9.7.jar:/Users/swapna.tootikoora/.m2/repository/com/googlecode/libphonenumber/libphonenumber/8.0.0/libphonenumber-8.0.0.jar:/Users/swapna.tootikoora/.m2/repository/com/google/code/findbugs/jsr305/3.0.2/jsr305-3.0.2.jar:/Users/swapna.tootikoora/.m2/repository/net/sf/jopt-simple/jopt-simple/5.0.3/jopt-simple-5.0.3.jar:/Users/swapna.tootikoora/.m2/repository/org/apache/maven/plugins/maven-surefire-plugin/3.0.0-M3/maven-surefire-plugin-3.0.0-M3.jar:/Users/swapna.tootikoora/.m2/repository/org/apache/maven/surefire/maven-surefire-common/3.0.0-M3/maven-surefire-common-3.0.0-M3.jar:/Users/swapna.tootikoora/.m2/repository/org/apache/maven/surefire/surefire-api/3.0.0-M3/surefire-api-3.0.0-M3.jar:/Users/swapna.tootikoora/.m2/repository/org/apache/maven/surefire/surefire-logger-api/3.0.0-M3/surefire-logger-api-3.0.0-M3.jar:/Users/swapna.tootikoora/.m2/repository/org/apache/maven/surefire/surefire-booter/3.0.0-M3/surefire-booter-3.0.0-M3.jar:/Users/swapna.tootikoora/.m2/repository/org/apache/maven/maven-toolchain/3.0-alpha-2/maven-toolchain-3.0-alpha-2.jar:/Users/swapna.tootikoora/.m2/repository/org/apache/maven/maven-compat/3.0-alpha-2/maven-compat-3.0-alpha-2.jar:/Users/swapna.tootikoora/.m2/repository/org/apache/maven/plugins/maven-compiler-plugin/3.8.0/maven-compiler-plugin-3.8.0.jar:/Users/swapna.tootikoora/.m2/repository/org/apache/maven/maven-plugin-api/3.0/maven-plugin-api-3.0.jar:/Users/swapna.tootikoora/.m2/repository/org/sonatype/sisu/sisu-inject-plexus/1.4.2/sisu-inject-plexus-1.4.2.jar:/Users/swapna.tootikoora/.m2/repository/org/sonatype/sisu/sisu-inject-bean/1.4.2/sisu-inject-bean-1.4.2.jar:/Users/swapna.tootikoora/.m2/repository/org/sonatype/sisu/sisu-guice/2.1.7/sisu-guice-2.1.7-noaop.jar:/Users/swapna.tootikoora/.m2/repository/org/apache/maven/maven-artifact/3.0/maven-artifact-3.0.jar:/Users/swapna.tootikoora/.m2/repository/org/apache/maven/maven-core/3.0/maven-core-3.0.jar:/Users/swapna.tootikoora/.m2/repository/org/apache/maven/maven-settings/3.0/maven-settings-3.0.jar:/Users/swapna.tootikoora/.m2/repository/org/apache/maven/maven-settings-builder/3.0/maven-settings-builder-3.0.jar:/Users/swapna.tootikoora/.m2/repository/org/apache/maven/maven-repository-metadata/3.0/maven-repository-metadata-3.0.jar:/Users/swapna.tootikoora/.m2/repository/org/apache/maven/maven-model-builder/3.0/maven-model-builder-3.0.jar:/Users/swapna.tootikoora/.m2/repository/org/apache/maven/maven-aether-provider/3.0/maven-aether-provider-3.0.jar:/Users/swapna.tootikoora/.m2/repository/org/sonatype/aether/aether-impl/1.7/aether-impl-1.7.jar:/Users/swapna.tootikoora/.m2/repository/org/sonatype/aether/aether-spi/1.7/aether-spi-1.7.jar:/Users/swapna.tootikoora/.m2/repository/org/sonatype/aether/aether-api/1.7/aether-api-1.7.jar:/Users/swapna.tootikoora/.m2/repository/org/sonatype/aether/aether-util/1.7/aether-util-1.7.jar:/Users/swapna.tootikoora/.m2/repository/org/codehaus/plexus/plexus-interpolation/1.14/plexus-interpolation-1.14.jar:/Users/swapna.tootikoora/.m2/repository/org/codehaus/plexus/plexus-classworlds/2.2.3/plexus-classworlds-2.2.3.jar:/Users/swapna.tootikoora/.m2/repository/org/codehaus/plexus/plexus-component-annotations/1.5.5/plexus-component-annotations-1.5.5.jar:/Users/swapna.tootikoora/.m2/repository/org/sonatype/plexus/plexus-sec-dispatcher/1.3/plexus-sec-dispatcher-1.3.jar:/Users/swapna.tootikoora/.m2/repository/org/sonatype/plexus/plexus-cipher/1.4/plexus-cipher-1.4.jar:/Users/swapna.tootikoora/.m2/repository/org/apache/maven/shared/maven-shared-utils/3.2.1/maven-shared-utils-3.2.1.jar:/Users/swapna.tootikoora/.m2/repository/org/apache/maven/shared/maven-shared-incremental/1.1/maven-shared-incremental-1.1.jar:/Users/swapna.tootikoora/.m2/repository/org/codehaus/plexus/plexus-java/0.9.10/plexus-java-0.9.10.jar:/Users/swapna.tootikoora/.m2/repository/org/ow2/asm/asm/6.2/asm-6.2.jar:/Users/swapna.tootikoora/.m2/repository/com/thoughtworks/qdox/qdox/2.0-M8/qdox-2.0-M8.jar:/Users/swapna.tootikoora/.m2/repository/org/codehaus/plexus/plexus-compiler-api/2.8.4/plexus-compiler-api-2.8.4.jar:/Users/swapna.tootikoora/.m2/repository/org/codehaus/plexus/plexus-compiler-manager/2.8.4/plexus-compiler-manager-2.8.4.jar:/Users/swapna.tootikoora/.m2/repository/org/codehaus/plexus/plexus-compiler-javac/2.8.4/plexus-compiler-javac-2.8.4.jar:/Users/swapna.tootikoora/.m2/repository/org/codehaus/mojo/properties-maven-plugin/1.0.0/properties-maven-plugin-1.0.0.jar:/Users/swapna.tootikoora/.m2/repository/org/apache/maven/maven-model/2.2.1/maven-model-2.2.1.jar:/Users/swapna.tootikoora/.m2/repository/org/apache/maven/maven-project/2.2.1/maven-project-2.2.1.jar:/Users/swapna.tootikoora/.m2/repository/org/apache/maven/maven-profile/2.2.1/maven-profile-2.2.1.jar:/Users/swapna.tootikoora/.m2/repository/org/apache/maven/maven-artifact-manager/2.2.1/maven-artifact-manager-2.2.1.jar:/Users/swapna.tootikoora/.m2/repository/org/apache/maven/wagon/wagon-provider-api/1.0-beta-6/wagon-provider-api-1.0-beta-6.jar:/Users/swapna.tootikoora/.m2/repository/backport-util-concurrent/backport-util-concurrent/3.1/backport-util-concurrent-3.1.jar:/Users/swapna.tootikoora/.m2/repository/org/apache/maven/maven-plugin-registry/2.2.1/maven-plugin-registry-2.2.1.jar:/Users/swapna.tootikoora/.m2/repository/org/codehaus/plexus/plexus-container-default/1.0-alpha-9-stable-1/plexus-container-default-1.0-alpha-9-stable-1.jar:/Users/swapna.tootikoora/.m2/repository/classworlds/classworlds/1.1-alpha-2/classworlds-1.1-alpha-2.jar:/Users/swapna.tootikoora/.m2/repository/org/codehaus/plexus/plexus-utils/3.0.22/plexus-utils-3.0.22.jar:/Users/swapna.tootikoora/.m2/repository/org/assertj/assertj-core/3.13.2/assertj-core-3.13.2.jar:/Users/swapna.tootikoora/.m2/repository/org/hamcrest/hamcrest-library/1.3/hamcrest-library-1.3.jar:/Users/swapna.tootikoora/.m2/repository/com/profesorfalken/jPowerShell/3.1.1/jPowerShell-3.1.1.jar:/Users/swapna.tootikoora/.m2/repository/com/fasterxml/jackson/core/jackson-databind/2.9.8/jackson-databind-2.9.8.jar:/Users/swapna.tootikoora/.m2/repository/com/fasterxml/jackson/core/jackson-annotations/2.9.0/jackson-annotations-2.9.0.jar:/Users/swapna.tootikoora/.m2/repository/com/fasterxml/jackson/core/jackson-core/2.9.8/jackson-core-2.9.8.jar:"/>
    <property name="java.vm.vendor" value="Oracle Corporation"/>
    <property name="sun.arch.data.model" value="64"/>
    <property name="java.vendor.url" value="http://java.oracle.com/"/>
    <property name="user.timezone" value=""/>
    <property name="java.vm.specification.version" value="1.8"/>
    <property name="os.name" value="Mac OS X"/>
    <property name="user.country" value="GB"/>
    <property name="sun.java.launcher" value="SUN_STANDARD"/>
    <property name="sun.boot.library.path" value="/Library/Java/JavaVirtualMachines/jdk1.8.0_221.jdk/Contents/Home/jre/lib"/>
    <property name="sun.java.command" value="/Users/swapna.tootikoora/SOMAPI/gco-testing/target/surefire/surefirebooter2480007206798935903.jar /Users/swapna.tootikoora/SOMAPI/gco-testing/target/surefire 2019-11-08T12-55-17_132-jvmRun1 surefire623519518577177572tmp surefire_05194384152458717857tmp"/>
    <property name="http.nonProxyHosts" value="local|*.local|169.254/16|*.169.254/16"/>
    <property name="test" value="RBE.RBETest"/>
    <property name="surefire.test.class.path" value="/Users/swapna.tootikoora/SOMAPI/gco-testing/target/test-classes:/Users/swapna.tootikoora/SOMAPI/gco-testing/target/classes:/Users/swapna.tootikoora/.m2/repository/junit/junit/4.12/junit-4.12.jar:/Users/swapna.tootikoora/.m2/repository/org/hamcrest/hamcrest-core/1.3/hamcrest-core-1.3.jar:/Users/swapna.tootikoora/.m2/repository/io/rest-assured/rest-assured/4.0.0/rest-assured-4.0.0.jar:/Users/swapna.tootikoora/.m2/repository/org/codehaus/groovy/groovy/2.5.6/groovy-2.5.6.jar:/Users/swapna.tootikoora/.m2/repository/org/codehaus/groovy/groovy-xml/2.5.6/groovy-xml-2.5.6.jar:/Users/swapna.tootikoora/.m2/repository/org/apache/httpcomponents/httpclient/4.5.3/httpclient-4.5.3.jar:/Users/swapna.tootikoora/.m2/repository/org/apache/httpcomponents/httpcore/4.4.6/httpcore-4.4.6.jar:/Users/swapna.tootikoora/.m2/repository/commons-logging/commons-logging/1.2/commons-logging-1.2.jar:/Users/swapna.tootikoora/.m2/repository/commons-codec/commons-codec/1.9/commons-codec-1.9.jar:/Users/swapna.tootikoora/.m2/repository/org/apache/httpcomponents/httpmime/4.5.3/httpmime-4.5.3.jar:/Users/swapna.tootikoora/.m2/repository/org/ccil/cowan/tagsoup/tagsoup/1.2.1/tagsoup-1.2.1.jar:/Users/swapna.tootikoora/.m2/repository/io/rest-assured/json-path/4.0.0/json-path-4.0.0.jar:/Users/swapna.tootikoora/.m2/repository/org/codehaus/groovy/groovy-json/2.5.6/groovy-json-2.5.6.jar:/Users/swapna.tootikoora/.m2/repository/io/rest-assured/rest-assured-common/4.0.0/rest-assured-common-4.0.0.jar:/Users/swapna.tootikoora/.m2/repository/io/rest-assured/xml-path/4.0.0/xml-path-4.0.0.jar:/Users/swapna.tootikoora/.m2/repository/javax/xml/bind/jaxb-api/2.2.12/jaxb-api-2.2.12.jar:/Users/swapna.tootikoora/.m2/repository/com/sun/xml/bind/jaxb-osgi/2.2.10/jaxb-osgi-2.2.10.jar:/Users/swapna.tootikoora/.m2/repository/org/apache/sling/org.apache.sling.javax.activation/0.1.0/org.apache.sling.javax.activation-0.1.0.jar:/Users/swapna.tootikoora/.m2/repository/org/seleniumhq/selenium/selenium-java/3.141.5/selenium-java-3.141.5.jar:/Users/swapna.tootikoora/.m2/repository/org/seleniumhq/selenium/selenium-api/3.141.5/selenium-api-3.141.5.jar:/Users/swapna.tootikoora/.m2/repository/org/seleniumhq/selenium/selenium-chrome-driver/3.141.5/selenium-chrome-driver-3.141.5.jar:/Users/swapna.tootikoora/.m2/repository/org/seleniumhq/selenium/selenium-edge-driver/3.141.5/selenium-edge-driver-3.141.5.jar:/Users/swapna.tootikoora/.m2/repository/org/seleniumhq/selenium/selenium-firefox-driver/3.141.5/selenium-firefox-driver-3.141.5.jar:/Users/swapna.tootikoora/.m2/repository/org/seleniumhq/selenium/selenium-ie-driver/3.141.5/selenium-ie-driver-3.141.5.jar:/Users/swapna.tootikoora/.m2/repository/org/seleniumhq/selenium/selenium-opera-driver/3.141.5/selenium-opera-driver-3.141.5.jar:/Users/swapna.tootikoora/.m2/repository/org/seleniumhq/selenium/selenium-remote-driver/3.141.5/selenium-remote-driver-3.141.5.jar:/Users/swapna.tootikoora/.m2/repository/org/seleniumhq/selenium/selenium-safari-driver/3.141.5/selenium-safari-driver-3.141.5.jar:/Users/swapna.tootikoora/.m2/repository/org/seleniumhq/selenium/selenium-support/3.141.5/selenium-support-3.141.5.jar:/Users/swapna.tootikoora/.m2/repository/net/bytebuddy/byte-buddy/1.8.15/byte-buddy-1.8.15.jar:/Users/swapna.tootikoora/.m2/repository/org/apache/commons/commons-exec/1.3/commons-exec-1.3.jar:/Users/swapna.tootikoora/.m2/repository/com/google/guava/guava/25.0-jre/guava-25.0-jre.jar:/Users/swapna.tootikoora/.m2/repository/org/checkerframework/checker-compat-qual/2.0.0/checker-compat-qual-2.0.0.jar:/Users/swapna.tootikoora/.m2/repository/com/google/errorprone/error_prone_annotations/2.1.3/error_prone_annotations-2.1.3.jar:/Users/swapna.tootikoora/.m2/repository/com/google/j2objc/j2objc-annotations/1.1/j2objc-annotations-1.1.jar:/Users/swapna.tootikoora/.m2/repository/org/codehaus/mojo/animal-sniffer-annotations/1.14/animal-sniffer-annotations-1.14.jar:/Users/swapna.tootikoora/.m2/repository/com/squareup/okhttp3/okhttp/3.11.0/okhttp-3.11.0.jar:/Users/swapna.tootikoora/.m2/repository/com/squareup/okio/okio/1.14.0/okio-1.14.0.jar:/Users/swapna.tootikoora/.m2/repository/io/cucumber/cucumber-java/4.3.1/cucumber-java-4.3.1.jar:/Users/swapna.tootikoora/.m2/repository/io/cucumber/cucumber-core/4.3.1/cucumber-core-4.3.1.jar:/Users/swapna.tootikoora/.m2/repository/io/cucumber/cucumber-html/0.2.7/cucumber-html-0.2.7.jar:/Users/swapna.tootikoora/.m2/repository/io/cucumber/gherkin/5.1.0/gherkin-5.1.0.jar:/Users/swapna.tootikoora/.m2/repository/io/cucumber/tag-expressions/1.1.1/tag-expressions-1.1.1.jar:/Users/swapna.tootikoora/.m2/repository/io/cucumber/cucumber-expressions/6.2.2/cucumber-expressions-6.2.2.jar:/Users/swapna.tootikoora/.m2/repository/io/cucumber/datatable/1.1.12/datatable-1.1.12.jar:/Users/swapna.tootikoora/.m2/repository/io/cucumber/datatable-dependencies/1.1.12/datatable-dependencies-1.1.12.jar:/Users/swapna.tootikoora/.m2/repository/org/slf4j/slf4j-api/1.7.26/slf4j-api-1.7.26.jar:/Users/swapna.tootikoora/.m2/repository/io/cucumber/cucumber-junit/4.3.1/cucumber-junit-4.3.1.jar:/Users/swapna.tootikoora/.m2/repository/commons-io/commons-io/2.6/commons-io-2.6.jar:/Users/swapna.tootikoora/.m2/repository/io/specto/hoverfly-java/0.12.0/hoverfly-java-0.12.0.jar:/Users/swapna.tootikoora/.m2/repository/com/fasterxml/jackson/datatype/jackson-datatype-jsr310/2.9.7/jackson-datatype-jsr310-2.9.7.jar:/Users/swapna.tootikoora/.m2/repository/com/fasterxml/jackson/dataformat/jackson-dataformat-xml/2.9.7/jackson-dataformat-xml-2.9.7.jar:/Users/swapna.tootikoora/.m2/repository/com/fasterxml/jackson/module/jackson-module-jaxb-annotations/2.9.7/jackson-module-jaxb-annotations-2.9.7.jar:/Users/swapna.tootikoora/.m2/repository/org/codehaus/woodstox/stax2-api/3.1.4/stax2-api-3.1.4.jar:/Users/swapna.tootikoora/.m2/repository/com/fasterxml/woodstox/woodstox-core/5.0.3/woodstox-core-5.0.3.jar:/Users/swapna.tootikoora/.m2/repository/org/apache/commons/commons-lang3/3.8.1/commons-lang3-3.8.1.jar:/Users/swapna.tootikoora/.m2/repository/org/zeroturnaround/zt-exec/1.10/zt-exec-1.10.jar:/Users/swapna.tootikoora/.m2/repository/ch/qos/logback/logback-classic/1.2.3/logback-classic-1.2.3.jar:/Users/swapna.tootikoora/.m2/repository/ch/qos/logback/logback-core/1.2.3/logback-core-1.2.3.jar:/Users/swapna.tootikoora/.m2/repository/org/springframework/spring-web/5.1.8.RELEASE/spring-web-5.1.8.RELEASE.jar:/Users/swapna.tootikoora/.m2/repository/org/springframework/spring-beans/5.1.8.RELEASE/spring-beans-5.1.8.RELEASE.jar:/Users/swapna.tootikoora/.m2/repository/org/springframework/spring-core/5.1.8.RELEASE/spring-core-5.1.8.RELEASE.jar:/Users/swapna.tootikoora/.m2/repository/org/springframework/spring-jcl/5.1.8.RELEASE/spring-jcl-5.1.8.RELEASE.jar:/Users/swapna.tootikoora/.m2/repository/com/jayway/jsonpath/json-path/2.0.0/json-path-2.0.0.jar:/Users/swapna.tootikoora/.m2/repository/net/minidev/json-smart/2.1.1/json-smart-2.1.1.jar:/Users/swapna.tootikoora/.m2/repository/net/minidev/asm/1.0.2/asm-1.0.2.jar:/Users/swapna.tootikoora/.m2/repository/asm/asm/3.3.1/asm-3.3.1.jar:/Users/swapna.tootikoora/.m2/repository/org/json/json/20180813/json-20180813.jar:/Users/swapna.tootikoora/.m2/repository/com/googlecode/json-simple/json-simple/1.1.1/json-simple-1.1.1.jar:/Users/swapna.tootikoora/.m2/repository/com/microsoft/sqlserver/mssql-jdbc/7.4.1.jre8/mssql-jdbc-7.4.1.jre8.jar:/Users/swapna.tootikoora/.m2/repository/com/github/java-json-tools/json-schema-validator/2.2.11/json-schema-validator-2.2.11.jar:/Users/swapna.tootikoora/.m2/repository/com/github/java-json-tools/json-schema-core/1.2.10/json-schema-core-1.2.10.jar:/Users/swapna.tootikoora/.m2/repository/com/github/java-json-tools/jackson-coreutils/1.9/jackson-coreutils-1.9.jar:/Users/swapna.tootikoora/.m2/repository/com/github/fge/msg-simple/1.1/msg-simple-1.1.jar:/Users/swapna.tootikoora/.m2/repository/com/github/fge/btf/1.2/btf-1.2.jar:/Users/swapna.tootikoora/.m2/repository/com/github/fge/uri-template/0.9/uri-template-0.9.jar:/Users/swapna.tootikoora/.m2/repository/org/mozilla/rhino/1.7.7.1/rhino-1.7.7.1.jar:/Users/swapna.tootikoora/.m2/repository/com/sun/mail/mailapi/1.6.1/mailapi-1.6.1.jar:/Users/swapna.tootikoora/.m2/repository/javax/activation/activation/1.1/activation-1.1.jar:/Users/swapna.tootikoora/.m2/repository/joda-time/joda-time/2.9.7/joda-time-2.9.7.jar:/Users/swapna.tootikoora/.m2/repository/com/googlecode/libphonenumber/libphonenumber/8.0.0/libphonenumber-8.0.0.jar:/Users/swapna.tootikoora/.m2/repository/com/google/code/findbugs/jsr305/3.0.2/jsr305-3.0.2.jar:/Users/swapna.tootikoora/.m2/repository/net/sf/jopt-simple/jopt-simple/5.0.3/jopt-simple-5.0.3.jar:/Users/swapna.tootikoora/.m2/repository/org/apache/maven/plugins/maven-surefire-plugin/3.0.0-M3/maven-surefire-plugin-3.0.0-M3.jar:/Users/swapna.tootikoora/.m2/repository/org/apache/maven/surefire/maven-surefire-common/3.0.0-M3/maven-surefire-common-3.0.0-M3.jar:/Users/swapna.tootikoora/.m2/repository/org/apache/maven/surefire/surefire-api/3.0.0-M3/surefire-api-3.0.0-M3.jar:/Users/swapna.tootikoora/.m2/repository/org/apache/maven/surefire/surefire-logger-api/3.0.0-M3/surefire-logger-api-3.0.0-M3.jar:/Users/swapna.tootikoora/.m2/repository/org/apache/maven/surefire/surefire-booter/3.0.0-M3/surefire-booter-3.0.0-M3.jar:/Users/swapna.tootikoora/.m2/repository/org/apache/maven/maven-toolchain/3.0-alpha-2/maven-toolchain-3.0-alpha-2.jar:/Users/swapna.tootikoora/.m2/repository/org/apache/maven/maven-compat/3.0-alpha-2/maven-compat-3.0-alpha-2.jar:/Users/swapna.tootikoora/.m2/repository/org/apache/maven/plugins/maven-compiler-plugin/3.8.0/maven-compiler-plugin-3.8.0.jar:/Users/swapna.tootikoora/.m2/repository/org/apache/maven/maven-plugin-api/3.0/maven-plugin-api-3.0.jar:/Users/swapna.tootikoora/.m2/repository/org/sonatype/sisu/sisu-inject-plexus/1.4.2/sisu-inject-plexus-1.4.2.jar:/Users/swapna.tootikoora/.m2/repository/org/sonatype/sisu/sisu-inject-bean/1.4.2/sisu-inject-bean-1.4.2.jar:/Users/swapna.tootikoora/.m2/repository/org/sonatype/sisu/sisu-guice/2.1.7/sisu-guice-2.1.7-noaop.jar:/Users/swapna.tootikoora/.m2/repository/org/apache/maven/maven-artifact/3.0/maven-artifact-3.0.jar:/Users/swapna.tootikoora/.m2/repository/org/apache/maven/maven-core/3.0/maven-core-3.0.jar:/Users/swapna.tootikoora/.m2/repository/org/apache/maven/maven-settings/3.0/maven-settings-3.0.jar:/Users/swapna.tootikoora/.m2/repository/org/apache/maven/maven-settings-builder/3.0/maven-settings-builder-3.0.jar:/Users/swapna.tootikoora/.m2/repository/org/apache/maven/maven-repository-metadata/3.0/maven-repository-metadata-3.0.jar:/Users/swapna.tootikoora/.m2/repository/org/apache/maven/maven-model-builder/3.0/maven-model-builder-3.0.jar:/Users/swapna.tootikoora/.m2/repository/org/apache/maven/maven-aether-provider/3.0/maven-aether-provider-3.0.jar:/Users/swapna.tootikoora/.m2/repository/org/sonatype/aether/aether-impl/1.7/aether-impl-1.7.jar:/Users/swapna.tootikoora/.m2/repository/org/sonatype/aether/aether-spi/1.7/aether-spi-1.7.jar:/Users/swapna.tootikoora/.m2/repository/org/sonatype/aether/aether-api/1.7/aether-api-1.7.jar:/Users/swapna.tootikoora/.m2/repository/org/sonatype/aether/aether-util/1.7/aether-util-1.7.jar:/Users/swapna.tootikoora/.m2/repository/org/codehaus/plexus/plexus-interpolation/1.14/plexus-interpolation-1.14.jar:/Users/swapna.tootikoora/.m2/repository/org/codehaus/plexus/plexus-classworlds/2.2.3/plexus-classworlds-2.2.3.jar:/Users/swapna.tootikoora/.m2/repository/org/codehaus/plexus/plexus-component-annotations/1.5.5/plexus-component-annotations-1.5.5.jar:/Users/swapna.tootikoora/.m2/repository/org/sonatype/plexus/plexus-sec-dispatcher/1.3/plexus-sec-dispatcher-1.3.jar:/Users/swapna.tootikoora/.m2/repository/org/sonatype/plexus/plexus-cipher/1.4/plexus-cipher-1.4.jar:/Users/swapna.tootikoora/.m2/repository/org/apache/maven/shared/maven-shared-utils/3.2.1/maven-shared-utils-3.2.1.jar:/Users/swapna.tootikoora/.m2/repository/org/apache/maven/shared/maven-shared-incremental/1.1/maven-shared-incremental-1.1.jar:/Users/swapna.tootikoora/.m2/repository/org/codehaus/plexus/plexus-java/0.9.10/plexus-java-0.9.10.jar:/Users/swapna.tootikoora/.m2/repository/org/ow2/asm/asm/6.2/asm-6.2.jar:/Users/swapna.tootikoora/.m2/repository/com/thoughtworks/qdox/qdox/2.0-M8/qdox-2.0-M8.jar:/Users/swapna.tootikoora/.m2/repository/org/codehaus/plexus/plexus-compiler-api/2.8.4/plexus-compiler-api-2.8.4.jar:/Users/swapna.tootikoora/.m2/repository/org/codehaus/plexus/plexus-compiler-manager/2.8.4/plexus-compiler-manager-2.8.4.jar:/Users/swapna.tootikoora/.m2/repository/org/codehaus/plexus/plexus-compiler-javac/2.8.4/plexus-compiler-javac-2.8.4.jar:/Users/swapna.tootikoora/.m2/repository/org/codehaus/mojo/properties-maven-plugin/1.0.0/properties-maven-plugin-1.0.0.jar:/Users/swapna.tootikoora/.m2/repository/org/apache/maven/maven-model/2.2.1/maven-model-2.2.1.jar:/Users/swapna.tootikoora/.m2/repository/org/apache/maven/maven-project/2.2.1/maven-project-2.2.1.jar:/Users/swapna.tootikoora/.m2/repository/org/apache/maven/maven-profile/2.2.1/maven-profile-2.2.1.jar:/Users/swapna.tootikoora/.m2/repository/org/apache/maven/maven-artifact-manager/2.2.1/maven-artifact-manager-2.2.1.jar:/Users/swapna.tootikoora/.m2/repository/org/apache/maven/wagon/wagon-provider-api/1.0-beta-6/wagon-provider-api-1.0-beta-6.jar:/Users/swapna.tootikoora/.m2/repository/backport-util-concurrent/backport-util-concurrent/3.1/backport-util-concurrent-3.1.jar:/Users/swapna.tootikoora/.m2/repository/org/apache/maven/maven-plugin-registry/2.2.1/maven-plugin-registry-2.2.1.jar:/Users/swapna.tootikoora/.m2/repository/org/codehaus/plexus/plexus-container-default/1.0-alpha-9-stable-1/plexus-container-default-1.0-alpha-9-stable-1.jar:/Users/swapna.tootikoora/.m2/repository/classworlds/classworlds/1.1-alpha-2/classworlds-1.1-alpha-2.jar:/Users/swapna.tootikoora/.m2/repository/org/codehaus/plexus/plexus-utils/3.0.22/plexus-utils-3.0.22.jar:/Users/swapna.tootikoora/.m2/repository/org/assertj/assertj-core/3.13.2/assertj-core-3.13.2.jar:/Users/swapna.tootikoora/.m2/repository/org/hamcrest/hamcrest-library/1.3/hamcrest-library-1.3.jar:/Users/swapna.tootikoora/.m2/repository/com/profesorfalken/jPowerShell/3.1.1/jPowerShell-3.1.1.jar:/Users/swapna.tootikoora/.m2/repository/com/fasterxml/jackson/core/jackson-databind/2.9.8/jackson-databind-2.9.8.jar:/Users/swapna.tootikoora/.m2/repository/com/fasterxml/jackson/core/jackson-annotations/2.9.0/jackson-annotations-2.9.0.jar:/Users/swapna.tootikoora/.m2/repository/com/fasterxml/jackson/core/jackson-core/2.9.8/jackson-core-2.9.8.jar:"/>
    <property name="sun.cpu.endian" value="little"/>
    <property name="user.home" value="/Users/swapna.tootikoora"/>
    <property name="user.language" value="en"/>
    <property name="java.specification.vendor" value="Oracle Corporation"/>
    <property name="java.home" value="/Library/Java/JavaVirtualMachines/jdk1.8.0_221.jdk/Contents/Home/jre"/>
    <property name="basedir" value="/Users/swapna.tootikoora/SOMAPI/gco-testing"/>
    <property name="file.separator" value="/"/>
    <property name="line.separator" value="&#10;"/>
    <property name="java.vm.specification.vendor" value="Oracle Corporation"/>
    <property name="java.specification.name" value="Java Platform API Specification"/>
    <property name="java.awt.graphicsenv" value="sun.awt.CGraphicsEnvironment"/>
    <property name="surefire.real.class.path" value="/Users/swapna.tootikoora/SOMAPI/gco-testing/target/surefire/surefirebooter2480007206798935903.jar"/>
    <property name="sun.boot.class.path" value="/Library/Java/JavaVirtualMachines/jdk1.8.0_221.jdk/Contents/Home/jre/lib/resources.jar:/Library/Java/JavaVirtualMachines/jdk1.8.0_221.jdk/Contents/Home/jre/lib/rt.jar:/Library/Java/JavaVirtualMachines/jdk1.8.0_221.jdk/Contents/Home/jre/lib/sunrsasign.jar:/Library/Java/JavaVirtualMachines/jdk1.8.0_221.jdk/Contents/Home/jre/lib/jsse.jar:/Library/Java/JavaVirtualMachines/jdk1.8.0_221.jdk/Contents/Home/jre/lib/jce.jar:/Library/Java/JavaVirtualMachines/jdk1.8.0_221.jdk/Contents/Home/jre/lib/charsets.jar:/Library/Java/JavaVirtualMachines/jdk1.8.0_221.jdk/Contents/Home/jre/lib/jfr.jar:/Library/Java/JavaVirtualMachines/jdk1.8.0_221.jdk/Contents/Home/jre/classes"/>
    <property name="sun.management.compiler" value="HotSpot 64-Bit Tiered Compilers"/>
    <property name="ftp.nonProxyHosts" value="local|*.local|169.254/16|*.169.254/16"/>
    <property name="java.runtime.version" value="1.8.0_221-b11"/>
    <property name="user.name" value="swapna.tootikoora"/>
    <property name="path.separator" value=":"/>
    <property name="os.version" value="10.14.6"/>
    <property name="java.endorsed.dirs" value="/Library/Java/JavaVirtualMachines/jdk1.8.0_221.jdk/Contents/Home/jre/lib/endorsed"/>
    <property name="java.runtime.name" value="Java(TM) SE Runtime Environment"/>
    <property name="file.encoding" value="UTF-8"/>
    <property name="java.vm.name" value="Java HotSpot(TM) 64-Bit Server VM"/>
    <property name="localRepository" value="/Users/swapna.tootikoora/.m2/repository"/>
    <property name="java.vendor.url.bug" value="http://bugreport.sun.com/bugreport/"/>
    <property name="java.io.tmpdir" value="/var/folders/5b/p748rx7n4_jbf_ym39_b6fkm0000gn/T/"/>
    <property name="java.version" value="1.8.0_221"/>
    <property name="user.dir" value="/Users/swapna.tootikoora/SOMAPI/gco-testing"/>
    <property name="os.arch" value="x86_64"/>
    <property name="java.vm.specification.name" value="Java Virtual Machine Specification"/>
    <property name="java.awt.printerjob" value="sun.lwawt.macosx.CPrinterJob"/>
    <property name="env" value="int"/>
    <property name="failIfNoTests" value="false"/>
    <property name="sun.os.patch.level" value="unknown"/>
    <property name="java.library.path" value="/Users/swapna.tootikoora/Library/Java/Extensions:/Library/Java/Extensions:/Network/Library/Java/Extensions:/System/Library/Java/Extensions:/usr/lib/java:."/>
    <property name="java.vm.info" value="mixed mode"/>
    <property name="java.vendor" value="Oracle Corporation"/>
    <property name="java.vm.version" value="25.221-b11"/>
    <property name="java.ext.dirs" value="/Users/swapna.tootikoora/Library/Java/Extensions:/Library/Java/JavaVirtualMachines/jdk1.8.0_221.jdk/Contents/Home/jre/lib/ext:/Library/Java/Extensions:/Network/Library/Java/Extensions:/System/Library/Java/Extensions:/usr/lib/java"/>
    <property name="sun.io.unicode.encoding" value="UnicodeBig"/>
    <property name="java.class.version" value="52.0"/>
    <property name="socksNonProxyHosts" value="local|*.local|169.254/16|*.169.254/16"/>
  </properties>
  <testcase name="createRBERulesNationalAgencyAndClientNullTest" classname="RBE.RBETest" time="13.811"/>
  <testcase name="unAuthorizationTest" classname="RBE.RBETest" time="2.239"/>
  <testcase name="createRBERulesLocalTest" classname="RBE.RBETest" time="1.591"/>
  <testcase name="createRBERulesNationalClientNullTest" classname="RBE.RBETest" time="2.833"/>
  <testcase name="createRBERulesNationalAgencyNullTest" classname="RBE.RBETest" time="2.894"/>
  <testcase name="createRBERulesNationalTest" classname="RBE.RBETest" time="0.962"/>
  <testcase name="createRBERulesAgencyAndClientNullTest" classname="RBE.RBETest" time="3.1"/>
  <testcase name="createRBERulesClientNullTest" classname="RBE.RBETest" time="0.589"/>
  <testcase name="createRBERulesAgencyNullTest" classname="RBE.RBETest" time="0.376"/>
</testsuite>